<?xml version='1.0' encoding='UTF-8'?>
<testsuite hostname="pop-os" name="cl.uchile.dcc.bakemon.BakemonTest" tests="1" errors="0" failures="0" skipped="0" time="0.003" timestamp="2023-04-07T19:54:44">
          <properties>
[...]
</properties>
          <testcase classname="cl.uchile.dcc.bakemon.BakemonTest" name="A Bakemon can be created with a name" time="0.003">
                      
                    </testcase>
          <system-out><![CDATA[]]></system-out>
          <system-err><![CDATA[]]></system-err>
        </testsuite>